<?xml version="1.0" encoding="UTF-8" ?>
<testsuites disabled="0" errors="0" failures="1" tests="2" time="11.976">
 <testsuite name="demo calc tests" timestamp="2020-09-02T13:22:40" hostname="localhost" time="11.976" errors="0" tests="2" skipped="0" disabled="0" failures="1">
  <testcase classname="demo calc tests" name="addition test" time="5.151" />
  <testcase classname="demo calc tests" name="subtraction test" time="4.898">
   <failure type="toEqual" message="Expected &apos;1:22:48 PM&apos; to equal &apos;2&apos;."><![CDATA[Error: Failed expectation
    at homepage.verifyResult (/Users/divesh.gandhi/trunk/Protractor/Protractor/pages/homepage.js:25:34)
    at UserContext.<anonymous> (/Users/divesh.gandhi/trunk/Protractor/Protractor/tests/calc.js:45:18)
    at /usr/local/lib/node_modules/protractor/node_modules/jasminewd2/index.js:112:25
    at new ManagedPromise (/usr/local/lib/node_modules/protractor/node_modules/selenium-webdriver/lib/promise.js:1077:7)
    at ControlFlow.promise (/usr/local/lib/node_modules/protractor/node_modules/selenium-webdriver/lib/promise.js:2505:12)
    at schedulerExecute (/usr/local/lib/node_modules/protractor/node_modules/jasminewd2/index.js:95:18)
    at TaskQueue.execute_ (/usr/local/lib/node_modules/protractor/node_modules/selenium-webdriver/lib/promise.js:3084:14)
    at TaskQueue.executeNext_ (/usr/local/lib/node_modules/protractor/node_modules/selenium-webdriver/lib/promise.js:3067:27)
    at /usr/local/lib/node_modules/protractor/node_modules/selenium-webdriver/lib/promise.js:2927:27]]>
   </failure>
  </testcase>
 </testsuite>
</testsuites>